<?xml version="1.0" encoding="UTF-8"?>
<!-- Generated by org.testng.reporters.JUnitReportReporter -->
<testsuite hostname="DESKTOP-AG6T759" failures="0" tests="1" name="test_package_Amazon.TestCase9_AddtoCart" time="28.635" errors="0" timestamp="2024-05-18T12:35:39 IST" skipped="0">
  <testcase classname="test_package_Amazon.TestCase9_AddtoCart" name="Amazon_PDP_AddtoCart" time="28.635"/>
  <system-out>
    <![CDATA[Test Case started
Test case is Pass]]>
  </system-out>
</testsuite> <!-- test_package_Amazon.TestCase9_AddtoCart -->
