<?xml version="1.0" encoding="UTF-8"?>
<!-- Generated by org.testng.reporters.JUnitReportReporter -->
<testsuite hostname="DESKTOP-AG6T759" failures="0" tests="2" name="test_package_Amazon.TestCase13_Apply_CouponCode" time="82.046" errors="0" timestamp="2024-05-18T14:17:20 IST" skipped="1">
  <testcase classname="test_package_Amazon.TestCase13_Apply_CouponCode" name="Validating_ByApplying_CouponCode" time="26.536">
    <skipped/>
  </testcase> <!-- Validating_ByApplying_CouponCode -->
  <system-out>
    <![CDATA[Test Case started
Test case is skipped]]>
  </system-out>
  <testcase classname="test_package_Amazon.TestCase13_Apply_CouponCode" name="Validating_ByApplying_CouponCode" time="55.510"/>
  <system-out>
    <![CDATA[Test Case started
Test case is Pass]]>
  </system-out>
</testsuite> <!-- test_package_Amazon.TestCase13_Apply_CouponCode -->
