<?xml version="1.0" encoding="UTF-8"?>
<!-- Generated by org.testng.reporters.JUnitReportReporter -->
<testsuite hostname="DESKTOP-AG6T759" failures="0" tests="1" name="test_package_Amazon.TestCase11_Entire_Checkout_Validation" time="61.435" errors="0" timestamp="2024-05-18T13:45:41 IST" skipped="0">
  <testcase classname="test_package_Amazon.TestCase11_Entire_Checkout_Validation" name="Amazon_Checkout_validation" time="61.435"/>
  <system-out>
    <![CDATA[Test Case started
Test case is Pass]]>
  </system-out>
</testsuite> <!-- test_package_Amazon.TestCase11_Entire_Checkout_Validation -->
