<?xml version="1.0" encoding="UTF-8"?>
<!-- Generated by org.testng.reporters.JUnitReportReporter -->
<testsuite hostname="DESKTOP-AG6T759" failures="0" tests="3" name="test_package_demoqa.DataProvider_login_demoqa" time="68.544" errors="0" timestamp="2024-06-07T18:54:14 IST" skipped="0">
  <testcase classname="test_package_demoqa.DataProvider_login_demoqa" name="login" time="29.058"/>
  <system-out/>
  <testcase classname="test_package_demoqa.DataProvider_login_demoqa" name="login" time="20.206"/>
  <system-out/>
  <testcase classname="test_package_demoqa.DataProvider_login_demoqa" name="login" time="19.280"/>
  <system-out/>
</testsuite> <!-- test_package_demoqa.DataProvider_login_demoqa -->
