<?xml version="1.0" encoding="UTF-8"?>
<!-- Generated by org.testng.reporters.JUnitReportReporter -->
<testsuite hostname="DESKTOP-AG6T759" failures="0" tests="1" name="test_package_Amazon.TestCase6_Searching_with_Filters" time="28.383" errors="0" timestamp="2024-05-04T13:43:13 IST" skipped="0">
  <testcase classname="test_package_Amazon.TestCase6_Searching_with_Filters" name="Amazon_Search_and_Filter" time="28.383"/>
  <system-out/>
</testsuite> <!-- test_package_Amazon.TestCase6_Searching_with_Filters -->
