<?xml version="1.0" encoding="UTF-8"?>
<!-- Generated by org.testng.reporters.JUnitReportReporter -->
<testsuite hostname="DESKTOP-AG6T759" failures="0" tests="1" name="test_package_Amazon.TestCase15_Reach_CartPage_without_Login" time="28.920" errors="0" timestamp="2024-05-09T09:35:38 IST" skipped="0">
  <testcase classname="test_package_Amazon.TestCase15_Reach_CartPage_without_Login" name="Add_To_CartPage_without_Login" time="28.920"/>
  <system-out/>
</testsuite> <!-- test_package_Amazon.TestCase15_Reach_CartPage_without_Login -->
