<?xml version="1.0" encoding="UTF-8"?>
<!-- Generated by org.testng.reporters.JUnitReportReporter -->
<testsuite hostname="DESKTOP-AG6T759" failures="0" tests="1" name="test_package_Amazon.TestCase4_Edit_profile" time="33.565" errors="0" timestamp="2024-05-10T17:50:14 IST" skipped="0">
  <testcase classname="test_package_Amazon.TestCase4_Edit_profile" name="Amazon_Profile_edit" time="33.565"/>
  <system-out/>
</testsuite> <!-- test_package_Amazon.TestCase4_Edit_profile -->
