<?xml version="1.0" encoding="UTF-8"?>
<!-- Generated by org.testng.reporters.JUnitReportReporter -->
<testsuite hostname="DESKTOP-AG6T759" failures="0" tests="1" name="test_package_Amazon.TestCase12_Select_EachPaymentMethod" time="53.340" errors="0" timestamp="2024-05-18T14:00:49 IST" skipped="0">
  <testcase classname="test_package_Amazon.TestCase12_Select_EachPaymentMethod" name="Amazon_Checkout_validation" time="53.340"/>
  <system-out>
    <![CDATA[Test Case started
Test case is Pass]]>
  </system-out>
</testsuite> <!-- test_package_Amazon.TestCase12_Select_EachPaymentMethod -->
