<?xml version="1.0" encoding="UTF-8"?>
<!-- Generated by org.testng.reporters.JUnitReportReporter -->
<testsuite hostname="DESKTOP-AG6T759" failures="0" tests="1" name="test_package_Amazon.TestCase14_OrderReview_Click_4StarRatings" time="23.076" errors="0" timestamp="2024-05-10T09:34:34 IST" skipped="0">
  <testcase classname="test_package_Amazon.TestCase14_OrderReview_Click_4StarRatings" name="orderReview_4star_Ratings" time="23.076"/>
  <system-out/>
</testsuite> <!-- test_package_Amazon.TestCase14_OrderReview_Click_4StarRatings -->
